0 info it worked if it ends with ok
1 verbose cli [ 'C:\\Program Files\\nodejs\\node.exe',
1 verbose cli   'C:\\Program Files\\nodejs\\node_modules\\npm\\bin\\npm-cli.js',
1 verbose cli   'run',
1 verbose cli   'test' ]
2 info using npm@3.10.8
3 info using node@v6.8.0
4 verbose run-script [ 'pretest', 'test', 'posttest' ]
5 info lifecycle canvanoid@1.0.0~pretest: canvanoid@1.0.0
6 silly lifecycle canvanoid@1.0.0~pretest: no script for pretest, continuing
7 info lifecycle canvanoid@1.0.0~test: canvanoid@1.0.0
8 verbose lifecycle canvanoid@1.0.0~test: unsafe-perm in lifecycle true
9 verbose lifecycle canvanoid@1.0.0~test: PATH: C:\Program Files\nodejs\node_modules\npm\bin\node-gyp-bin;D:\Desarrollo\Games & Programming\Web\Javascript\Canvanoid\node_modules\.bin;C:\Windows\System32;C:\ProgramData\Oracle\Java\javapath;C:\MinGW\bin;C:\Program Files (x86)\Skype\Phone\;C:\Program Files (x86)\GtkSharp\2.12\bin;C:\Program Files\Git\cmd;C:\Program Files\nodejs\;C:\Anaconda_Python;C:\Anaconda_Python\Scripts;C:\Program Files (x86)\Java\jre7;C:\Program Files\Intel\WiFi\bin\;C:\Program Files\Common Files\Intel\WirelessCommon\;D:\Software (x86)\Scrivener;D:\Software (x86)\Scrivener\Aspell;D:\Software (x86)\Scrivener\Aspell\bin;D:\Software (x86)\JADE ALL 4.3.3\JADE-bin-4.3.3\lib\jade.jar;D:\Software (x86)\JADE ALL 4.3.3\JADE-src-4.3.3\lib\commons-codec\commons-codec-1.3.jar;C:\MinGW\bin;D:\Software (x86)\Microsoft VS Code\bin;C:\Users\Usuario\AppData\Roaming\npm
10 verbose lifecycle canvanoid@1.0.0~test: CWD: D:\Desarrollo\Games & Programming\Web\Javascript\Canvanoid
11 silly lifecycle canvanoid@1.0.0~test: Args: [ '/d /s /c', 'mocha ./src/specs/dist' ]
12 silly lifecycle canvanoid@1.0.0~test: Returned: code: 4  signal: null
13 info lifecycle canvanoid@1.0.0~test: Failed to exec test script
14 verbose stack Error: canvanoid@1.0.0 test: `mocha ./src/specs/dist`
14 verbose stack Exit status 4
14 verbose stack     at EventEmitter.<anonymous> (C:\Program Files\nodejs\node_modules\npm\lib\utils\lifecycle.js:255:16)
14 verbose stack     at emitTwo (events.js:106:13)
14 verbose stack     at EventEmitter.emit (events.js:191:7)
14 verbose stack     at ChildProcess.<anonymous> (C:\Program Files\nodejs\node_modules\npm\lib\utils\spawn.js:40:14)
14 verbose stack     at emitTwo (events.js:106:13)
14 verbose stack     at ChildProcess.emit (events.js:191:7)
14 verbose stack     at maybeClose (internal/child_process.js:877:16)
14 verbose stack     at Process.ChildProcess._handle.onexit (internal/child_process.js:226:5)
15 verbose pkgid canvanoid@1.0.0
16 verbose cwd D:\Desarrollo\Games & Programming\Web\Javascript\Canvanoid\src\specs
17 error Windows_NT 6.1.7601
18 error argv "C:\\Program Files\\nodejs\\node.exe" "C:\\Program Files\\nodejs\\node_modules\\npm\\bin\\npm-cli.js" "run" "test"
19 error node v6.8.0
20 error npm  v3.10.8
21 error code ELIFECYCLE
22 error canvanoid@1.0.0 test: `mocha ./src/specs/dist`
22 error Exit status 4
23 error Failed at the canvanoid@1.0.0 test script 'mocha ./src/specs/dist'.
23 error Make sure you have the latest version of node.js and npm installed.
23 error If you do, this is most likely a problem with the canvanoid package,
23 error not with npm itself.
23 error Tell the author that this fails on your system:
23 error     mocha ./src/specs/dist
23 error You can get information on how to open an issue for this project with:
23 error     npm bugs canvanoid
23 error Or if that isn't available, you can get their info via:
23 error     npm owner ls canvanoid
23 error There is likely additional logging output above.
24 verbose exit [ 1, true ]
